{"C:\\Users\\Mega\\Desktop\\Projects\\chat-app\\frontend\\src\\context\\AuthContext.jsx": {"path":"C:\\Users\\Mega\\Desktop\\Projects\\chat-app\\frontend\\src\\context\\AuthContext.jsx","statementMap":{"0":{"start":{"line":3,"column":27},"end":{"line":3,"column":42}},"1":{"start":{"line":5,"column":35},"end":{"line":28,"column":1}},"2":{"start":{"line":6,"column":34},"end":{"line":8,"column":3}},"3":{"start":{"line":9,"column":38},"end":{"line":19,"column":4}},"4":{"start":{"line":10,"column":29},"end":{"line":10,"column":62}},"5":{"start":{"line":11,"column":4},"end":{"line":13,"column":5}},"6":{"start":{"line":12,"column":6},"end":{"line":12,"column":41}},"7":{"start":{"line":15,"column":4},"end":{"line":18,"column":6}},"8":{"start":{"line":21,"column":2},"end":{"line":27,"column":4}}},"fnMap":{"0":{"name":"(anonymous_0)","decl":{"start":{"line":5,"column":35},"end":{"line":5,"column":36}},"loc":{"start":{"line":5,"column":53},"end":{"line":28,"column":1}},"line":5},"1":{"name":"(anonymous_1)","decl":{"start":{"line":9,"column":47},"end":{"line":9,"column":48}},"loc":{"start":{"line":9,"column":53},"end":{"line":19,"column":3}},"line":9}},"branchMap":{"0":{"loc":{"start":{"line":7,"column":4},"end":{"line":7,"column":57}},"type":"binary-expr","locations":[{"start":{"line":7,"column":4},"end":{"line":7,"column":49}},{"start":{"line":7,"column":53},"end":{"line":7,"column":57}}],"line":7},"1":{"loc":{"start":{"line":11,"column":4},"end":{"line":13,"column":5}},"type":"if","locations":[{"start":{"line":11,"column":4},"end":{"line":13,"column":5}},{"start":{},"end":{}}],"line":11},"2":{"loc":{"start":{"line":16,"column":6},"end":{"line":17,"column":63}},"type":"binary-expr","locations":[{"start":{"line":16,"column":6},"end":{"line":16,"column":23}},{"start":{"line":17,"column":6},"end":{"line":17,"column":63}}],"line":16}},"s":{"0":2,"1":2,"2":0,"3":0,"4":0,"5":0,"6":0,"7":0,"8":0},"f":{"0":0,"1":0},"b":{"0":[0,0],"1":[0,0],"2":[0,0]},"_coverageSchema":"1a1c01bbd47fc00a2c39e90264f33305004495a9","hash":"ec3a5a5209e9ad76511be22bf3008017941147af"}
,"C:\\Users\\Mega\\Desktop\\Projects\\chat-app\\frontend\\src\\hooks\\useLogIn.js": {"path":"C:\\Users\\Mega\\Desktop\\Projects\\chat-app\\frontend\\src\\hooks\\useLogIn.js","statementMap":{"0":{"start":{"line":5,"column":17},"end":{"line":35,"column":1}},"1":{"start":{"line":6,"column":32},"end":{"line":6,"column":47}},"2":{"start":{"line":7,"column":26},"end":{"line":7,"column":49}},"3":{"start":{"line":8,"column":16},"end":{"line":33,"column":3}},"4":{"start":{"line":9,"column":4},"end":{"line":9,"column":21}},"5":{"start":{"line":10,"column":4},"end":{"line":32,"column":5}},"6":{"start":{"line":11,"column":23},"end":{"line":18,"column":8}},"7":{"start":{"line":19,"column":19},"end":{"line":19,"column":40}},"8":{"start":{"line":20,"column":6},"end":{"line":22,"column":7}},"9":{"start":{"line":21,"column":8},"end":{"line":21,"column":36}},"10":{"start":{"line":24,"column":6},"end":{"line":24,"column":67}},"11":{"start":{"line":26,"column":6},"end":{"line":26,"column":29}},"12":{"start":{"line":28,"column":6},"end":{"line":28,"column":25}},"13":{"start":{"line":29,"column":6},"end":{"line":29,"column":34}},"14":{"start":{"line":31,"column":6},"end":{"line":31,"column":24}},"15":{"start":{"line":34,"column":2},"end":{"line":34,"column":28}}},"fnMap":{"0":{"name":"(anonymous_0)","decl":{"start":{"line":5,"column":17},"end":{"line":5,"column":18}},"loc":{"start":{"line":5,"column":23},"end":{"line":35,"column":1}},"line":5},"1":{"name":"(anonymous_1)","decl":{"start":{"line":8,"column":16},"end":{"line":8,"column":17}},"loc":{"start":{"line":8,"column":49},"end":{"line":33,"column":3}},"line":8}},"branchMap":{"0":{"loc":{"start":{"line":20,"column":6},"end":{"line":22,"column":7}},"type":"if","locations":[{"start":{"line":20,"column":6},"end":{"line":22,"column":7}},{"start":{},"end":{}}],"line":20}},"s":{"0":1,"1":0,"2":0,"3":0,"4":0,"5":0,"6":0,"7":0,"8":0,"9":0,"10":0,"11":0,"12":0,"13":0,"14":0,"15":0},"f":{"0":0,"1":0},"b":{"0":[0,0]},"_coverageSchema":"1a1c01bbd47fc00a2c39e90264f33305004495a9","hash":"966eb9314c420e91ec043ba67cf4b59bf58bdc4d"}
,"C:\\Users\\Mega\\Desktop\\Projects\\chat-app\\frontend\\src\\pages\\auth\\Login.jsx": {"path":"C:\\Users\\Mega\\Desktop\\Projects\\chat-app\\frontend\\src\\pages\\auth\\Login.jsx","statementMap":{"0":{"start":{"line":6,"column":14},"end":{"line":112,"column":1}},"1":{"start":{"line":11,"column":6},"end":{"line":11,"column":15}},"2":{"start":{"line":12,"column":29},"end":{"line":12,"column":39}},"3":{"start":{"line":13,"column":19},"end":{"line":15,"column":3}},"4":{"start":{"line":14,"column":4},"end":{"line":14,"column":22}},"5":{"start":{"line":17,"column":2},"end":{"line":111,"column":4}}},"fnMap":{"0":{"name":"(anonymous_0)","decl":{"start":{"line":6,"column":14},"end":{"line":6,"column":15}},"loc":{"start":{"line":6,"column":20},"end":{"line":112,"column":1}},"line":6},"1":{"name":"(anonymous_1)","decl":{"start":{"line":13,"column":19},"end":{"line":13,"column":20}},"loc":{"start":{"line":13,"column":35},"end":{"line":15,"column":3}},"line":13}},"branchMap":{"0":{"loc":{"start":{"line":52,"column":11},"end":{"line":54,"column":11}},"type":"binary-expr","locations":[{"start":{"line":52,"column":11},"end":{"line":52,"column":25}},{"start":{"line":53,"column":12},"end":{"line":53,"column":79}}],"line":52},"1":{"loc":{"start":{"line":83,"column":11},"end":{"line":85,"column":11}},"type":"binary-expr","locations":[{"start":{"line":83,"column":11},"end":{"line":83,"column":26}},{"start":{"line":84,"column":12},"end":{"line":84,"column":79}}],"line":83},"2":{"loc":{"start":{"line":103,"column":11},"end":{"line":107,"column":11}},"type":"cond-expr","locations":[{"start":{"line":104,"column":12},"end":{"line":104,"column":72}},{"start":{"line":106,"column":12},"end":{"line":106,"column":19}}],"line":103}},"s":{"0":1,"1":1,"2":1,"3":1,"4":0,"5":1},"f":{"0":1,"1":0},"b":{"0":[1,0],"1":[1,0],"2":[0,1]},"_coverageSchema":"1a1c01bbd47fc00a2c39e90264f33305004495a9","hash":"dd3dc41eff36d85be55f586e21d309ab9229bca5"}
,"C:\\Users\\Mega\\Desktop\\Projects\\chat-app\\frontend\\src\\pages\\home\\ChatContainer.jsx": {"path":"C:\\Users\\Mega\\Desktop\\Projects\\chat-app\\frontend\\src\\pages\\home\\ChatContainer.jsx","statementMap":{"0":{"start":{"line":5,"column":22},"end":{"line":29,"column":1}},"1":{"start":{"line":6,"column":40},"end":{"line":6,"column":52}},"2":{"start":{"line":7,"column":20},"end":{"line":7,"column":28}},"3":{"start":{"line":8,"column":2},"end":{"line":28,"column":4}}},"fnMap":{"0":{"name":"(anonymous_0)","decl":{"start":{"line":5,"column":22},"end":{"line":5,"column":23}},"loc":{"start":{"line":5,"column":28},"end":{"line":29,"column":1}},"line":5}},"branchMap":{},"s":{"0":1,"1":3,"2":2,"3":2},"f":{"0":3},"b":{},"_coverageSchema":"1a1c01bbd47fc00a2c39e90264f33305004495a9","hash":"2c5a2ed60ed318833d6883f8479f0fb4d274aa41"}
}
